<?xml version="1.0" encoding="UTF-8"?>
<!-- Generated by org.testng.reporters.JUnitReportReporter -->
<testsuite hostname="LIN76004447" failures="0" tests="1" name="capg.Tests.StandAloneTest" time="18.776" errors="0" timestamp="2024-02-01T08:23:19 IST" skipped="0">
  <testcase classname="capg.Tests.StandAloneTest" name="submitOrder" time="18.776"/>
</testsuite> <!-- capg.Tests.StandAloneTest -->
